{"obj": {"type": "AssignString", "path": ["sys", "name"], "value": "Untitled"}, "version": 1}
{"obj": {"type": "AssignString", "path": ["sys", "description"], "value": ""}, "version": 2}
{"obj": {"type": "AssignString", "path": ["sys", "hostname"], "value": "Mario"}, "version": 3}
{"obj": {"type": "AddStrings", "path": ["sys", "tags"], "values": ["mandatory"]}, "version": 4}
{"obj": {"type": "AssignBool", "path": ["sys", "failed"], "value": false}, "version": 5}
{"obj": {"type": "ClearStringLog", "path": ["monitoring", "stdout"]}, "version": 6}
{"obj": {"type": "ClearStringLog", "path": ["monitoring", "stderr"]}, "version": 7}
{"obj": {"type": "AssignString", "path": ["source_code", "entrypoint"], "value": "test.py"}, "version": 8}
{"obj": {"type": "UploadFileSet", "path": ["source_code", "files"], "file_globs": ["C:\\Users\\mario\\Github\\UPC\\CI-MAI\\src\\test.py"], "reset": "False"}, "version": 9}
{"obj": {"type": "ConfigFloatSeries", "path": ["monitoring", "cpu"], "min": 0.0, "max": 100.0, "unit": "%"}, "version": 10}
{"obj": {"type": "ClearFloatLog", "path": ["monitoring", "cpu"]}, "version": 11}
{"obj": {"type": "ConfigFloatSeries", "path": ["monitoring", "memory"], "min": 0.0, "max": 15.788383483886719, "unit": "GB"}, "version": 12}
{"obj": {"type": "ClearFloatLog", "path": ["monitoring", "memory"]}, "version": 13}
{"obj": {"type": "ConfigFloatSeries", "path": ["monitoring", "gpu"], "min": 0.0, "max": 100.0, "unit": "%"}, "version": 14}
{"obj": {"type": "ClearFloatLog", "path": ["monitoring", "gpu"]}, "version": 15}
{"obj": {"type": "ConfigFloatSeries", "path": ["monitoring", "gpu_memory"], "min": 0.0, "max": 8.0, "unit": "GB"}, "version": 16}
{"obj": {"type": "ClearFloatLog", "path": ["monitoring", "gpu_memory"]}, "version": 17}
{"obj": {"type": "AssignString", "path": ["parameters", "Experiment"], "value": "MLP"}, "version": 18}
{"obj": {"type": "AssignString", "path": ["parameters", "DataSplit"], "value": "0.8-0.1-0.1"}, "version": 19}
{"obj": {"type": "AssignString", "path": ["parameters", "MLP"], "value": "784-50-101"}, "version": 20}
{"obj": {"type": "AssignString", "path": ["parameters", "CNN"], "value": "1-5-8"}, "version": 21}
{"obj": {"type": "AssignString", "path": ["parameters", "Kernels"], "value": "3-3-3"}, "version": 22}
{"obj": {"type": "AssignString", "path": ["parameters", "HiddenAct"], "value": "logsig"}, "version": 23}
{"obj": {"type": "AssignString", "path": ["parameters", "OutputAct"], "value": "logsig"}, "version": 24}
{"obj": {"type": "AssignString", "path": ["parameters", "PoolingL"], "value": "max_pool"}, "version": 25}
{"obj": {"type": "AssignInt", "path": ["parameters", "Padding"], "value": 0}, "version": 26}
{"obj": {"type": "AssignInt", "path": ["parameters", "Stride"], "value": 1}, "version": 27}
{"obj": {"type": "AssignInt", "path": ["parameters", "Epochs"], "value": 50}, "version": 28}
{"obj": {"type": "AssignString", "path": ["parameters", "LossFunc"], "value": "mse"}, "version": 29}
{"obj": {"type": "AssignString", "path": ["parameters", "Optimizer"], "value": "SGD"}, "version": 30}
{"obj": {"type": "AssignFloat", "path": ["parameters", "Momentum"], "value": 0.9}, "version": 31}
{"obj": {"type": "AssignFloat", "path": ["parameters", "LearningRate"], "value": 0.005}, "version": 32}
{"obj": {"type": "AssignInt", "path": ["parameters", "Tolerance"], "value": 10}, "version": 33}
{"obj": {"type": "AssignString", "path": ["parameters", "Device"], "value": "gpu"}, "version": 34}
{"obj": {"type": "LogStrings", "path": ["monitoring", "stderr"], "values": [{"value": "C:\\Users\\mario\\anaconda3\\envs\\CI\\lib\\site-packages\\neptune\\new\\handler.py:168: NeptuneDeprecationWarning: The object you're logging will be implicitly cast to a string. We'll end support of this behavior in `neptune-client==1.0.0`. To log the object as a string, use `str(object)` instead.\n  self._container.define(self._path, value, wait)\n", "step": null, "ts": 1700390845.7928653}]}, "version": 35}
{"obj": {"type": "AssignString", "path": ["parameters", "Tags"], "value": "['mandatory']"}, "version": 36}
{"obj": {"type": "LogFloats", "path": ["monitoring", "cpu"], "values": [{"value": 10.2, "step": null, "ts": 1700390845.7772355}]}, "version": 37}
{"obj": {"type": "LogFloats", "path": ["monitoring", "memory"], "values": [{"value": 12.289913177490234, "step": null, "ts": 1700390845.7772355}]}, "version": 38}
{"obj": {"type": "LogFloats", "path": ["monitoring", "gpu_memory"], "values": [{"value": 0.14453125, "step": null, "ts": 1700390845.7772355}]}, "version": 39}
{"obj": {"type": "LogStrings", "path": ["monitoring", "stdout"], "values": [{"value": "----------------------------------------------------------------", "step": null, "ts": 1700390849.4788637}]}, "version": 40}
{"obj": {"type": "LogStrings", "path": ["monitoring", "stdout"], "values": [{"value": "\n", "step": null, "ts": 1700390849.4788637}]}, "version": 41}
{"obj": {"type": "LogStrings", "path": ["monitoring", "stdout"], "values": [{"value": "        Layer (type)               Output Shape         Param #", "step": null, "ts": 1700390849.4788637}]}, "version": 42}
{"obj": {"type": "LogStrings", "path": ["monitoring", "stdout"], "values": [{"value": "\n", "step": null, "ts": 1700390849.4798708}]}, "version": 43}
{"obj": {"type": "LogStrings", "path": ["monitoring", "stdout"], "values": [{"value": "================================================================", "step": null, "ts": 1700390849.4798708}]}, "version": 44}
{"obj": {"type": "LogStrings", "path": ["monitoring", "stdout"], "values": [{"value": "\n", "step": null, "ts": 1700390849.4798708}]}, "version": 45}
{"obj": {"type": "LogStrings", "path": ["monitoring", "stdout"], "values": [{"value": "            Linear-1                [-1, 1, 50]          39,250", "step": null, "ts": 1700390849.4798708}]}, "version": 46}
{"obj": {"type": "LogStrings", "path": ["monitoring", "stdout"], "values": [{"value": "\n", "step": null, "ts": 1700390849.4798708}]}, "version": 47}
{"obj": {"type": "LogStrings", "path": ["monitoring", "stdout"], "values": [{"value": "        LogSigmoid-2                [-1, 1, 50]               0", "step": null, "ts": 1700390849.4808795}]}, "version": 48}
{"obj": {"type": "LogStrings", "path": ["monitoring", "stdout"], "values": [{"value": "\n", "step": null, "ts": 1700390849.4808795}]}, "version": 49}
{"obj": {"type": "LogStrings", "path": ["monitoring", "stdout"], "values": [{"value": "            Linear-3               [-1, 1, 101]           5,151", "step": null, "ts": 1700390849.4808795}]}, "version": 50}
{"obj": {"type": "LogStrings", "path": ["monitoring", "stdout"], "values": [{"value": "\n", "step": null, "ts": 1700390849.4808795}]}, "version": 51}
{"obj": {"type": "LogStrings", "path": ["monitoring", "stdout"], "values": [{"value": "        LogSigmoid-4               [-1, 1, 101]               0", "step": null, "ts": 1700390849.4808795}]}, "version": 52}
{"obj": {"type": "LogStrings", "path": ["monitoring", "stdout"], "values": [{"value": "\n", "step": null, "ts": 1700390849.481886}]}, "version": 53}
{"obj": {"type": "LogStrings", "path": ["monitoring", "stdout"], "values": [{"value": "================================================================", "step": null, "ts": 1700390849.481886}]}, "version": 54}
{"obj": {"type": "LogStrings", "path": ["monitoring", "stdout"], "values": [{"value": "\n", "step": null, "ts": 1700390849.481886}]}, "version": 55}
{"obj": {"type": "LogStrings", "path": ["monitoring", "stdout"], "values": [{"value": "Total params: 44,401", "step": null, "ts": 1700390849.481886}]}, "version": 56}
{"obj": {"type": "LogStrings", "path": ["monitoring", "stdout"], "values": [{"value": "\n", "step": null, "ts": 1700390849.481886}]}, "version": 57}
{"obj": {"type": "LogStrings", "path": ["monitoring", "stdout"], "values": [{"value": "Trainable params: 44,401", "step": null, "ts": 1700390849.481886}]}, "version": 58}
{"obj": {"type": "LogStrings", "path": ["monitoring", "stdout"], "values": [{"value": "\n", "step": null, "ts": 1700390849.481886}]}, "version": 59}
{"obj": {"type": "LogStrings", "path": ["monitoring", "stdout"], "values": [{"value": "Non-trainable params: 0", "step": null, "ts": 1700390849.4828951}]}, "version": 60}
{"obj": {"type": "LogStrings", "path": ["monitoring", "stdout"], "values": [{"value": "\n", "step": null, "ts": 1700390849.4828951}]}, "version": 61}
{"obj": {"type": "LogStrings", "path": ["monitoring", "stdout"], "values": [{"value": "----------------------------------------------------------------", "step": null, "ts": 1700390849.4828951}]}, "version": 62}
{"obj": {"type": "LogStrings", "path": ["monitoring", "stdout"], "values": [{"value": "\n", "step": null, "ts": 1700390849.4828951}]}, "version": 63}
{"obj": {"type": "LogStrings", "path": ["monitoring", "stdout"], "values": [{"value": "Input size (MB): 0.00", "step": null, "ts": 1700390849.4828951}]}, "version": 64}
{"obj": {"type": "LogStrings", "path": ["monitoring", "stdout"], "values": [{"value": "\n", "step": null, "ts": 1700390849.4828951}]}, "version": 65}
{"obj": {"type": "LogStrings", "path": ["monitoring", "stdout"], "values": [{"value": "Forward/backward pass size (MB): 0.00", "step": null, "ts": 1700390849.4828951}]}, "version": 66}
{"obj": {"type": "LogStrings", "path": ["monitoring", "stdout"], "values": [{"value": "\n", "step": null, "ts": 1700390849.4839122}]}, "version": 67}
{"obj": {"type": "LogStrings", "path": ["monitoring", "stdout"], "values": [{"value": "Params size (MB): 0.17", "step": null, "ts": 1700390849.4839122}]}, "version": 68}
{"obj": {"type": "LogStrings", "path": ["monitoring", "stdout"], "values": [{"value": "\n", "step": null, "ts": 1700390849.4839122}]}, "version": 69}
{"obj": {"type": "LogStrings", "path": ["monitoring", "stdout"], "values": [{"value": "Estimated Total Size (MB): 0.17", "step": null, "ts": 1700390849.4839122}]}, "version": 70}
{"obj": {"type": "LogStrings", "path": ["monitoring", "stdout"], "values": [{"value": "\n", "step": null, "ts": 1700390849.4839122}]}, "version": 71}
{"obj": {"type": "LogStrings", "path": ["monitoring", "stdout"], "values": [{"value": "----------------------------------------------------------------", "step": null, "ts": 1700390849.4839122}]}, "version": 72}
{"obj": {"type": "LogStrings", "path": ["monitoring", "stdout"], "values": [{"value": "\n", "step": null, "ts": 1700390849.4849215}]}, "version": 73}
{"obj": {"type": "LogStrings", "path": ["monitoring", "stdout"], "values": [{"value": "Device used: ", "step": null, "ts": 1700390850.0218549}]}, "version": 74}
{"obj": {"type": "LogStrings", "path": ["monitoring", "stdout"], "values": [{"value": " ", "step": null, "ts": 1700390850.0218549}]}, "version": 75}
{"obj": {"type": "LogStrings", "path": ["monitoring", "stdout"], "values": [{"value": "cpu", "step": null, "ts": 1700390850.0218549}]}, "version": 76}
{"obj": {"type": "LogStrings", "path": ["monitoring", "stdout"], "values": [{"value": "\n", "step": null, "ts": 1700390850.0374713}]}, "version": 77}
{"obj": {"type": "LogStrings", "path": ["monitoring", "stdout"], "values": [{"value": "--------------------------------------------\n TRAINING MODEL ", "step": null, "ts": 1700390850.0374713}]}, "version": 78}
{"obj": {"type": "LogStrings", "path": ["monitoring", "stdout"], "values": [{"value": "\n", "step": null, "ts": 1700390850.0374713}]}, "version": 79}
{"obj": {"type": "LogStrings", "path": ["monitoring", "stdout"], "values": [{"value": "--------------------------------------------\n", "step": null, "ts": 1700390850.0374713}]}, "version": 80}
{"obj": {"type": "LogStrings", "path": ["monitoring", "stdout"], "values": [{"value": "\n", "step": null, "ts": 1700390850.0374713}]}, "version": 81}
{"obj": {"type": "LogStrings", "path": ["monitoring", "stdout"], "values": [{"value": "Starting epoch 1", "step": null, "ts": 1700390850.0374713}]}, "version": 82}
{"obj": {"type": "LogStrings", "path": ["monitoring", "stdout"], "values": [{"value": "\n", "step": null, "ts": 1700390850.0374713}]}, "version": 83}
{"obj": {"type": "LogStrings", "path": ["monitoring", "traceback"], "values": [{"value": "An uncaught exception occurred while run was active on worker Mario.", "step": null, "ts": 1700390850.0416338}, {"value": "Marking run as failed", "step": null, "ts": 1700390850.0416338}, {"value": "Traceback:", "step": null, "ts": 1700390850.0416338}, {"value": "  File \"C:\\Users\\mario\\Github\\UPC\\CI-MAI\\src\\test.py\", line 75, in <module>\n    tim.train(train_dataloader, val_dataloader)\n", "step": null, "ts": 1700390850.0416338}, {"value": "  File \"C:\\Users\\mario\\Github\\UPC\\CI-MAI\\src\\utils\\train_inference.py\", line 91, in train\n    loss.backward()\n", "step": null, "ts": 1700390850.0416338}, {"value": "  File \"C:\\Users\\mario\\anaconda3\\envs\\CI\\lib\\site-packages\\torch\\_tensor.py\", line 487, in backward\n    torch.autograd.backward(\n", "step": null, "ts": 1700390850.0416338}, {"value": "  File \"C:\\Users\\mario\\anaconda3\\envs\\CI\\lib\\site-packages\\torch\\autograd\\__init__.py\", line 197, in backward\n    Variable._execution_engine.run_backward(  # Calls into the C++ engine to run the backward pass\n", "step": null, "ts": 1700390850.0416338}, {"value": "element 0 of tensors does not require grad and does not have a grad_fn", "step": null, "ts": 1700390850.0416338}]}, "version": 84}
{"obj": {"type": "AssignBool", "path": ["sys", "failed"], "value": true}, "version": 85}
{"obj": {"type": "LogStrings", "path": ["monitoring", "stderr"], "values": [{"value": "Traceback (most recent call last):\n", "step": null, "ts": 1700390850.0416338}]}, "version": 86}
{"obj": {"type": "LogStrings", "path": ["monitoring", "stderr"], "values": [{"value": "  File \"C:\\Users\\mario\\Github\\UPC\\CI-MAI\\src\\test.py\", line 75, in <module>\n", "step": null, "ts": 1700390850.0416338}]}, "version": 87}
{"obj": {"type": "LogStrings", "path": ["monitoring", "stderr"], "values": [{"value": "    ", "step": null, "ts": 1700390850.0416338}]}, "version": 88}
{"obj": {"type": "LogStrings", "path": ["monitoring", "stderr"], "values": [{"value": "tim.train(train_dataloader, val_dataloader)", "step": null, "ts": 1700390850.0416338}]}, "version": 89}
{"obj": {"type": "LogStrings", "path": ["monitoring", "stderr"], "values": [{"value": "\n", "step": null, "ts": 1700390850.0416338}]}, "version": 90}
{"obj": {"type": "LogStrings", "path": ["monitoring", "stderr"], "values": [{"value": "  File \"C:\\Users\\mario\\Github\\UPC\\CI-MAI\\src\\utils\\train_inference.py\", line 91, in train\n", "step": null, "ts": 1700390850.0416338}]}, "version": 91}
{"obj": {"type": "LogStrings", "path": ["monitoring", "stderr"], "values": [{"value": "    ", "step": null, "ts": 1700390850.0416338}]}, "version": 92}
{"obj": {"type": "LogStrings", "path": ["monitoring", "stderr"], "values": [{"value": "loss.backward()", "step": null, "ts": 1700390850.0416338}]}, "version": 93}
{"obj": {"type": "LogStrings", "path": ["monitoring", "stderr"], "values": [{"value": "\n", "step": null, "ts": 1700390850.0416338}]}, "version": 94}
{"obj": {"type": "LogStrings", "path": ["monitoring", "stderr"], "values": [{"value": "  File \"C:\\Users\\mario\\anaconda3\\envs\\CI\\lib\\site-packages\\torch\\_tensor.py\", line 487, in backward\n", "step": null, "ts": 1700390850.0416338}]}, "version": 95}
{"obj": {"type": "LogStrings", "path": ["monitoring", "stderr"], "values": [{"value": "    ", "step": null, "ts": 1700390850.0416338}]}, "version": 96}
{"obj": {"type": "LogStrings", "path": ["monitoring", "stderr"], "values": [{"value": "torch.autograd.backward(", "step": null, "ts": 1700390850.0416338}]}, "version": 97}
{"obj": {"type": "LogStrings", "path": ["monitoring", "stderr"], "values": [{"value": "\n", "step": null, "ts": 1700390850.0416338}]}, "version": 98}
{"obj": {"type": "LogStrings", "path": ["monitoring", "stderr"], "values": [{"value": "  File \"C:\\Users\\mario\\anaconda3\\envs\\CI\\lib\\site-packages\\torch\\autograd\\__init__.py\", line 197, in backward\n", "step": null, "ts": 1700390850.0416338}]}, "version": 99}
{"obj": {"type": "LogStrings", "path": ["monitoring", "stderr"], "values": [{"value": "    ", "step": null, "ts": 1700390850.0416338}]}, "version": 100}
{"obj": {"type": "LogStrings", "path": ["monitoring", "stderr"], "values": [{"value": "Variable._execution_engine.run_backward(  # Calls into the C++ engine to run the backward pass", "step": null, "ts": 1700390850.0416338}]}, "version": 101}
{"obj": {"type": "LogStrings", "path": ["monitoring", "stderr"], "values": [{"value": "\n", "step": null, "ts": 1700390850.0416338}]}, "version": 102}
{"obj": {"type": "LogStrings", "path": ["monitoring", "stderr"], "values": [{"value": "RuntimeError", "step": null, "ts": 1700390850.0416338}]}, "version": 103}
{"obj": {"type": "LogStrings", "path": ["monitoring", "stderr"], "values": [{"value": ": ", "step": null, "ts": 1700390850.0416338}]}, "version": 104}
{"obj": {"type": "LogStrings", "path": ["monitoring", "stderr"], "values": [{"value": "element 0 of tensors does not require grad and does not have a grad_fn", "step": null, "ts": 1700390850.0416338}]}, "version": 105}
{"obj": {"type": "LogStrings", "path": ["monitoring", "stderr"], "values": [{"value": "\n", "step": null, "ts": 1700390850.0416338}]}, "version": 106}
{"obj": {"type": "LogStrings", "path": ["monitoring", "stdout"], "values": [{"value": "Shutting down background jobs, please wait a moment...\n", "step": null, "ts": 1700390850.0416338}]}, "version": 107}
