{"obj": {"type": "AssignString", "path": ["sys", "name"], "value": "Untitled"}, "version": 1}
{"obj": {"type": "AssignString", "path": ["sys", "description"], "value": ""}, "version": 2}
{"obj": {"type": "AssignString", "path": ["sys", "hostname"], "value": "Mario"}, "version": 3}
{"obj": {"type": "AddStrings", "path": ["sys", "tags"], "values": ["mandatory"]}, "version": 4}
{"obj": {"type": "AssignBool", "path": ["sys", "failed"], "value": false}, "version": 5}
{"obj": {"type": "ClearStringLog", "path": ["monitoring", "stdout"]}, "version": 6}
{"obj": {"type": "ClearStringLog", "path": ["monitoring", "stderr"]}, "version": 7}
{"obj": {"type": "AssignString", "path": ["source_code", "entrypoint"], "value": "test.py"}, "version": 8}
{"obj": {"type": "UploadFileSet", "path": ["source_code", "files"], "file_globs": ["C:\\Users\\mario\\Github\\UPC\\CI-MAI\\src\\test.py"], "reset": "False"}, "version": 9}
{"obj": {"type": "ConfigFloatSeries", "path": ["monitoring", "cpu"], "min": 0.0, "max": 100.0, "unit": "%"}, "version": 10}
{"obj": {"type": "ClearFloatLog", "path": ["monitoring", "cpu"]}, "version": 11}
{"obj": {"type": "ConfigFloatSeries", "path": ["monitoring", "memory"], "min": 0.0, "max": 15.788383483886719, "unit": "GB"}, "version": 12}
{"obj": {"type": "ClearFloatLog", "path": ["monitoring", "memory"]}, "version": 13}
{"obj": {"type": "ConfigFloatSeries", "path": ["monitoring", "gpu"], "min": 0.0, "max": 100.0, "unit": "%"}, "version": 14}
{"obj": {"type": "ClearFloatLog", "path": ["monitoring", "gpu"]}, "version": 15}
{"obj": {"type": "ConfigFloatSeries", "path": ["monitoring", "gpu_memory"], "min": 0.0, "max": 8.0, "unit": "GB"}, "version": 16}
{"obj": {"type": "ClearFloatLog", "path": ["monitoring", "gpu_memory"]}, "version": 17}
{"obj": {"type": "LogFloats", "path": ["monitoring", "cpu"], "values": [{"value": 10.4, "step": null, "ts": 1700397760.18764}]}, "version": 18}
{"obj": {"type": "LogFloats", "path": ["monitoring", "memory"], "values": [{"value": 13.056476593017578, "step": null, "ts": 1700397760.18764}]}, "version": 19}
{"obj": {"type": "LogFloats", "path": ["monitoring", "gpu_memory"], "values": [{"value": 0.14453125, "step": null, "ts": 1700397760.18764}]}, "version": 20}
{"obj": {"type": "AssignString", "path": ["parameters", "Experiment"], "value": "MLP"}, "version": 21}
{"obj": {"type": "AssignString", "path": ["parameters", "DataSplit"], "value": "0.8-0.1-0.1"}, "version": 22}
{"obj": {"type": "AssignString", "path": ["parameters", "MLP"], "value": "784-50-101"}, "version": 23}
{"obj": {"type": "AssignString", "path": ["parameters", "CNN"], "value": "1-5-8"}, "version": 24}
{"obj": {"type": "AssignString", "path": ["parameters", "Kernels"], "value": "3-3-3"}, "version": 25}
{"obj": {"type": "AssignString", "path": ["parameters", "HiddenAct"], "value": "logsig"}, "version": 26}
{"obj": {"type": "AssignString", "path": ["parameters", "OutputAct"], "value": "logsig"}, "version": 27}
{"obj": {"type": "AssignString", "path": ["parameters", "PoolingL"], "value": "max_pool"}, "version": 28}
{"obj": {"type": "AssignInt", "path": ["parameters", "Padding"], "value": 0}, "version": 29}
{"obj": {"type": "AssignInt", "path": ["parameters", "Stride"], "value": 1}, "version": 30}
{"obj": {"type": "AssignInt", "path": ["parameters", "Epochs"], "value": 50}, "version": 31}
{"obj": {"type": "AssignString", "path": ["parameters", "LossFunc"], "value": "mse"}, "version": 32}
{"obj": {"type": "AssignString", "path": ["parameters", "Optimizer"], "value": "SGD"}, "version": 33}
{"obj": {"type": "AssignFloat", "path": ["parameters", "Momentum"], "value": 0.9}, "version": 34}
{"obj": {"type": "AssignFloat", "path": ["parameters", "LearningRate"], "value": 0.005}, "version": 35}
{"obj": {"type": "AssignInt", "path": ["parameters", "Tolerance"], "value": 10}, "version": 36}
{"obj": {"type": "AssignString", "path": ["parameters", "Device"], "value": "gpu"}, "version": 37}
{"obj": {"type": "LogStrings", "path": ["monitoring", "stderr"], "values": [{"value": "C:\\Users\\mario\\anaconda3\\envs\\CI\\lib\\site-packages\\neptune\\new\\handler.py:168: NeptuneDeprecationWarning: The object you're logging will be implicitly cast to a string. We'll end support of this behavior in `neptune-client==1.0.0`. To log the object as a string, use `str(object)` instead.\n  self._container.define(self._path, value, wait)\n", "step": null, "ts": 1700397760.2192042}]}, "version": 38}
{"obj": {"type": "AssignString", "path": ["parameters", "Tags"], "value": "['mandatory']"}, "version": 39}
{"obj": {"type": "LogStrings", "path": ["monitoring", "stdout"], "values": [{"value": "Backend TkAgg is interactive backend. Turning interactive mode on.\n", "step": null, "ts": 1700397760.3133714}]}, "version": 40}
{"obj": {"type": "LogFloats", "path": ["monitoring", "cpu"], "values": [{"value": 6.5, "step": null, "ts": 1700397770.2277696}]}, "version": 41}
{"obj": {"type": "LogFloats", "path": ["monitoring", "memory"], "values": [{"value": 13.048961639404297, "step": null, "ts": 1700397770.2277696}]}, "version": 42}
{"obj": {"type": "LogFloats", "path": ["monitoring", "gpu_memory"], "values": [{"value": 0.14453125, "step": null, "ts": 1700397770.2277696}]}, "version": 43}
{"obj": {"type": "LogStrings", "path": ["monitoring", "stdout"], "values": [{"value": "----------------------------------------------------------------", "step": null, "ts": 1700397772.7469404}]}, "version": 44}
{"obj": {"type": "LogStrings", "path": ["monitoring", "stdout"], "values": [{"value": "\n", "step": null, "ts": 1700397772.7469404}]}, "version": 45}
{"obj": {"type": "LogStrings", "path": ["monitoring", "stdout"], "values": [{"value": "        Layer (type)               Output Shape         Param #", "step": null, "ts": 1700397772.7469404}]}, "version": 46}
{"obj": {"type": "LogStrings", "path": ["monitoring", "stdout"], "values": [{"value": "\n", "step": null, "ts": 1700397772.7469404}]}, "version": 47}
{"obj": {"type": "LogStrings", "path": ["monitoring", "stdout"], "values": [{"value": "================================================================", "step": null, "ts": 1700397772.7469404}]}, "version": 48}
{"obj": {"type": "LogStrings", "path": ["monitoring", "stdout"], "values": [{"value": "\n", "step": null, "ts": 1700397772.7469404}]}, "version": 49}
{"obj": {"type": "LogStrings", "path": ["monitoring", "stdout"], "values": [{"value": "            Linear-1                [-1, 1, 50]          39,250", "step": null, "ts": 1700397772.7469404}]}, "version": 50}
{"obj": {"type": "LogStrings", "path": ["monitoring", "stdout"], "values": [{"value": "\n", "step": null, "ts": 1700397772.7469404}]}, "version": 51}
{"obj": {"type": "LogStrings", "path": ["monitoring", "stdout"], "values": [{"value": "           Sigmoid-2                [-1, 1, 50]               0", "step": null, "ts": 1700397772.7469404}]}, "version": 52}
{"obj": {"type": "LogStrings", "path": ["monitoring", "stdout"], "values": [{"value": "\n", "step": null, "ts": 1700397772.7469404}]}, "version": 53}
{"obj": {"type": "LogStrings", "path": ["monitoring", "stdout"], "values": [{"value": "            Linear-3               [-1, 1, 101]           5,151", "step": null, "ts": 1700397772.7469404}]}, "version": 54}
{"obj": {"type": "LogStrings", "path": ["monitoring", "stdout"], "values": [{"value": "\n", "step": null, "ts": 1700397772.7469404}]}, "version": 55}
{"obj": {"type": "LogStrings", "path": ["monitoring", "stdout"], "values": [{"value": "           Sigmoid-4               [-1, 1, 101]               0", "step": null, "ts": 1700397772.7625628}]}, "version": 56}
{"obj": {"type": "LogStrings", "path": ["monitoring", "stdout"], "values": [{"value": "\n", "step": null, "ts": 1700397772.7625628}]}, "version": 57}
{"obj": {"type": "LogStrings", "path": ["monitoring", "stdout"], "values": [{"value": "================================================================", "step": null, "ts": 1700397772.7625628}]}, "version": 58}
{"obj": {"type": "LogStrings", "path": ["monitoring", "stdout"], "values": [{"value": "\n", "step": null, "ts": 1700397772.7625628}]}, "version": 59}
{"obj": {"type": "LogStrings", "path": ["monitoring", "stdout"], "values": [{"value": "Total params: 44,401", "step": null, "ts": 1700397772.7625628}]}, "version": 60}
{"obj": {"type": "LogStrings", "path": ["monitoring", "stdout"], "values": [{"value": "\n", "step": null, "ts": 1700397772.7625628}]}, "version": 61}
{"obj": {"type": "LogStrings", "path": ["monitoring", "stdout"], "values": [{"value": "Trainable params: 44,401", "step": null, "ts": 1700397772.7625628}]}, "version": 62}
{"obj": {"type": "LogStrings", "path": ["monitoring", "stdout"], "values": [{"value": "\n", "step": null, "ts": 1700397772.7625628}]}, "version": 63}
{"obj": {"type": "LogStrings", "path": ["monitoring", "stdout"], "values": [{"value": "Non-trainable params: 0", "step": null, "ts": 1700397772.7625628}]}, "version": 64}
{"obj": {"type": "LogStrings", "path": ["monitoring", "stdout"], "values": [{"value": "\n", "step": null, "ts": 1700397772.7625628}]}, "version": 65}
{"obj": {"type": "LogStrings", "path": ["monitoring", "stdout"], "values": [{"value": "----------------------------------------------------------------", "step": null, "ts": 1700397772.7625628}]}, "version": 66}
{"obj": {"type": "LogStrings", "path": ["monitoring", "stdout"], "values": [{"value": "\n", "step": null, "ts": 1700397772.7625628}]}, "version": 67}
{"obj": {"type": "LogStrings", "path": ["monitoring", "stdout"], "values": [{"value": "Input size (MB): 0.00", "step": null, "ts": 1700397772.7625628}]}, "version": 68}
{"obj": {"type": "LogStrings", "path": ["monitoring", "stdout"], "values": [{"value": "\n", "step": null, "ts": 1700397772.7625628}]}, "version": 69}
{"obj": {"type": "LogStrings", "path": ["monitoring", "stdout"], "values": [{"value": "Forward/backward pass size (MB): 0.00", "step": null, "ts": 1700397772.7625628}]}, "version": 70}
{"obj": {"type": "LogStrings", "path": ["monitoring", "stdout"], "values": [{"value": "\n", "step": null, "ts": 1700397772.7625628}]}, "version": 71}
{"obj": {"type": "LogStrings", "path": ["monitoring", "stdout"], "values": [{"value": "Params size (MB): 0.17", "step": null, "ts": 1700397772.7625628}]}, "version": 72}
{"obj": {"type": "LogStrings", "path": ["monitoring", "stdout"], "values": [{"value": "\n", "step": null, "ts": 1700397772.7625628}]}, "version": 73}
{"obj": {"type": "LogStrings", "path": ["monitoring", "stdout"], "values": [{"value": "Estimated Total Size (MB): 0.17", "step": null, "ts": 1700397772.7625628}]}, "version": 74}
{"obj": {"type": "LogStrings", "path": ["monitoring", "stdout"], "values": [{"value": "\n", "step": null, "ts": 1700397772.7625628}]}, "version": 75}
{"obj": {"type": "LogStrings", "path": ["monitoring", "stdout"], "values": [{"value": "----------------------------------------------------------------", "step": null, "ts": 1700397772.7625628}]}, "version": 76}
{"obj": {"type": "LogStrings", "path": ["monitoring", "stdout"], "values": [{"value": "\n", "step": null, "ts": 1700397772.7625628}]}, "version": 77}
{"obj": {"type": "LogStrings", "path": ["monitoring", "stdout"], "values": [{"value": "Device used: ", "step": null, "ts": 1700397772.7781885}]}, "version": 78}
{"obj": {"type": "LogStrings", "path": ["monitoring", "stdout"], "values": [{"value": " ", "step": null, "ts": 1700397772.7781885}]}, "version": 79}
{"obj": {"type": "LogStrings", "path": ["monitoring", "stdout"], "values": [{"value": "cpu", "step": null, "ts": 1700397772.7781885}]}, "version": 80}
{"obj": {"type": "LogStrings", "path": ["monitoring", "stdout"], "values": [{"value": "\n", "step": null, "ts": 1700397772.7781885}]}, "version": 81}
{"obj": {"type": "LogStrings", "path": ["monitoring", "stdout"], "values": [{"value": "--------------------------------------------\n TRAINING MODEL ", "step": null, "ts": 1700397772.7781885}]}, "version": 82}
{"obj": {"type": "LogStrings", "path": ["monitoring", "stdout"], "values": [{"value": "\n", "step": null, "ts": 1700397772.7781885}]}, "version": 83}
{"obj": {"type": "LogStrings", "path": ["monitoring", "stdout"], "values": [{"value": "--------------------------------------------\n", "step": null, "ts": 1700397772.7781885}]}, "version": 84}
{"obj": {"type": "LogStrings", "path": ["monitoring", "stdout"], "values": [{"value": "\n", "step": null, "ts": 1700397772.7781885}]}, "version": 85}
{"obj": {"type": "LogStrings", "path": ["monitoring", "stdout"], "values": [{"value": "Starting epoch 1", "step": null, "ts": 1700397772.7781885}]}, "version": 86}
{"obj": {"type": "LogStrings", "path": ["monitoring", "stdout"], "values": [{"value": "\n", "step": null, "ts": 1700397772.7781885}]}, "version": 87}
{"obj": {"type": "LogFloats", "path": ["monitoring", "cpu"], "values": [{"value": 10.4, "step": null, "ts": 1700397781.395085}]}, "version": 88}
{"obj": {"type": "LogFloats", "path": ["monitoring", "memory"], "values": [{"value": 13.17474365234375, "step": null, "ts": 1700397781.395085}]}, "version": 89}
{"obj": {"type": "LogFloats", "path": ["monitoring", "gpu_memory"], "values": [{"value": 0.14453125, "step": null, "ts": 1700397781.395085}]}, "version": 90}
{"obj": {"type": "LogFloats", "path": ["monitoring", "cpu"], "values": [{"value": 6.7, "step": null, "ts": 1700397791.4156237}]}, "version": 91}
{"obj": {"type": "LogFloats", "path": ["monitoring", "memory"], "values": [{"value": 13.211620330810547, "step": null, "ts": 1700397791.4156237}]}, "version": 92}
{"obj": {"type": "LogFloats", "path": ["monitoring", "gpu_memory"], "values": [{"value": 0.14453125, "step": null, "ts": 1700397791.4156237}]}, "version": 93}
{"obj": {"type": "LogFloats", "path": ["monitoring", "cpu"], "values": [{"value": 6.5, "step": null, "ts": 1700397801.434803}]}, "version": 94}
{"obj": {"type": "LogFloats", "path": ["monitoring", "memory"], "values": [{"value": 13.18283462524414, "step": null, "ts": 1700397801.434803}]}, "version": 95}
{"obj": {"type": "LogFloats", "path": ["monitoring", "gpu_memory"], "values": [{"value": 0.14453125, "step": null, "ts": 1700397801.434803}]}, "version": 96}
{"obj": {"type": "LogFloats", "path": ["monitoring", "cpu"], "values": [{"value": 7.3, "step": null, "ts": 1700397811.452867}]}, "version": 97}
{"obj": {"type": "LogFloats", "path": ["monitoring", "memory"], "values": [{"value": 12.723751068115234, "step": null, "ts": 1700397811.452867}]}, "version": 98}
{"obj": {"type": "LogFloats", "path": ["monitoring", "gpu_memory"], "values": [{"value": 0.14453125, "step": null, "ts": 1700397811.452867}]}, "version": 99}
{"obj": {"type": "LogFloats", "path": ["monitoring", "cpu"], "values": [{"value": 6.8, "step": null, "ts": 1700397821.4627786}]}, "version": 100}
{"obj": {"type": "LogFloats", "path": ["monitoring", "memory"], "values": [{"value": 12.758426666259766, "step": null, "ts": 1700397821.4627786}]}, "version": 101}
{"obj": {"type": "LogFloats", "path": ["monitoring", "gpu_memory"], "values": [{"value": 0.14453125, "step": null, "ts": 1700397821.4627786}]}, "version": 102}
{"obj": {"type": "LogFloats", "path": ["monitoring", "cpu"], "values": [{"value": 6.2, "step": null, "ts": 1700397831.4709601}]}, "version": 103}
{"obj": {"type": "LogFloats", "path": ["monitoring", "memory"], "values": [{"value": 12.734699249267578, "step": null, "ts": 1700397831.4709601}]}, "version": 104}
{"obj": {"type": "LogFloats", "path": ["monitoring", "gpu_memory"], "values": [{"value": 0.14453125, "step": null, "ts": 1700397831.4709601}]}, "version": 105}
{"obj": {"type": "LogFloats", "path": ["monitoring", "cpu"], "values": [{"value": 6.3, "step": null, "ts": 1700397841.489745}]}, "version": 106}
{"obj": {"type": "LogFloats", "path": ["monitoring", "memory"], "values": [{"value": 12.757331848144531, "step": null, "ts": 1700397841.489745}]}, "version": 107}
{"obj": {"type": "LogFloats", "path": ["monitoring", "gpu_memory"], "values": [{"value": 0.14453125, "step": null, "ts": 1700397841.489745}]}, "version": 108}
{"obj": {"type": "LogFloats", "path": ["monitoring", "cpu"], "values": [{"value": 6.3, "step": null, "ts": 1700397851.5121658}]}, "version": 109}
{"obj": {"type": "LogFloats", "path": ["monitoring", "memory"], "values": [{"value": 12.78658676147461, "step": null, "ts": 1700397851.5121658}]}, "version": 110}
{"obj": {"type": "LogFloats", "path": ["monitoring", "gpu_memory"], "values": [{"value": 0.14453125, "step": null, "ts": 1700397851.5121658}]}, "version": 111}
{"obj": {"type": "LogFloats", "path": ["monitoring", "cpu"], "values": [{"value": 6.3, "step": null, "ts": 1700397861.5180333}]}, "version": 112}
{"obj": {"type": "LogFloats", "path": ["monitoring", "memory"], "values": [{"value": 12.761951446533203, "step": null, "ts": 1700397861.5180333}]}, "version": 113}
{"obj": {"type": "LogFloats", "path": ["monitoring", "gpu_memory"], "values": [{"value": 0.14453125, "step": null, "ts": 1700397861.5180333}]}, "version": 114}
{"obj": {"type": "LogFloats", "path": ["monitoring", "cpu"], "values": [{"value": 6.6, "step": null, "ts": 1700397871.5359561}]}, "version": 115}
{"obj": {"type": "LogFloats", "path": ["monitoring", "memory"], "values": [{"value": 12.712505340576172, "step": null, "ts": 1700397871.5359561}]}, "version": 116}
{"obj": {"type": "LogFloats", "path": ["monitoring", "gpu_memory"], "values": [{"value": 0.14453125, "step": null, "ts": 1700397871.5359561}]}, "version": 117}
{"obj": {"type": "LogFloats", "path": ["monitoring", "cpu"], "values": [{"value": 6.5, "step": null, "ts": 1700397881.5460734}]}, "version": 118}
{"obj": {"type": "LogFloats", "path": ["monitoring", "memory"], "values": [{"value": 12.754512786865234, "step": null, "ts": 1700397881.5460734}]}, "version": 119}
{"obj": {"type": "LogFloats", "path": ["monitoring", "gpu_memory"], "values": [{"value": 0.14453125, "step": null, "ts": 1700397881.5460734}]}, "version": 120}
{"obj": {"type": "LogFloats", "path": ["monitoring", "cpu"], "values": [{"value": 6.3, "step": null, "ts": 1700397891.5698173}]}, "version": 121}
{"obj": {"type": "LogFloats", "path": ["monitoring", "memory"], "values": [{"value": 12.752342224121094, "step": null, "ts": 1700397891.5698173}]}, "version": 122}
{"obj": {"type": "LogFloats", "path": ["monitoring", "gpu_memory"], "values": [{"value": 0.14453125, "step": null, "ts": 1700397891.5698173}]}, "version": 123}
{"obj": {"type": "LogFloats", "path": ["monitoring", "cpu"], "values": [{"value": 7.7, "step": null, "ts": 1700397901.587606}]}, "version": 124}
{"obj": {"type": "LogFloats", "path": ["monitoring", "memory"], "values": [{"value": 12.76776123046875, "step": null, "ts": 1700397901.587606}]}, "version": 125}
{"obj": {"type": "LogFloats", "path": ["monitoring", "gpu_memory"], "values": [{"value": 0.14453125, "step": null, "ts": 1700397901.587606}]}, "version": 126}
{"obj": {"type": "LogStrings", "path": ["monitoring", "traceback"], "values": [{"value": "An uncaught exception occurred while run was active on worker Mario.", "step": null, "ts": 1700397905.6618583}, {"value": "Marking run as failed", "step": null, "ts": 1700397905.6618583}, {"value": "Traceback:", "step": null, "ts": 1700397905.6618583}, {"value": "  File \"C:\\Users\\mario\\anaconda3\\envs\\CI\\lib\\runpy.py\", line 197, in _run_module_as_main\n    return _run_code(code, main_globals, None,\n", "step": null, "ts": 1700397905.6618583}, {"value": "  File \"C:\\Users\\mario\\anaconda3\\envs\\CI\\lib\\runpy.py\", line 87, in _run_code\n    exec(code, run_globals)\n", "step": null, "ts": 1700397905.6618583}, {"value": "  File \"C:\\Users\\mario\\AppData\\Roaming\\nvim-data\\mason\\packages\\debugpy\\venv\\lib\\site-packages\\debugpy\\__main__.py\", line 39, in <module>\n    cli.main()\n", "step": null, "ts": 1700397905.6618583}, {"value": "  File \"C:\\Users\\mario\\AppData\\Roaming\\nvim-data\\mason\\packages\\debugpy\\venv\\lib\\site-packages\\debugpy/..\\debugpy\\server\\cli.py\", line 430, in main\n    run()\n", "step": null, "ts": 1700397905.6618583}, {"value": "  File \"C:\\Users\\mario\\AppData\\Roaming\\nvim-data\\mason\\packages\\debugpy\\venv\\lib\\site-packages\\debugpy/..\\debugpy\\server\\cli.py\", line 284, in run_file\n    runpy.run_path(target, run_name=\"__main__\")\n", "step": null, "ts": 1700397905.6618583}, {"value": "  File \"C:\\Users\\mario\\AppData\\Roaming\\nvim-data\\mason\\packages\\debugpy\\venv\\lib\\site-packages\\debugpy\\_vendored\\pydevd\\_pydevd_bundle\\pydevd_runpy.py\", line 321, in run_path\n    return _run_module_code(code, init_globals, run_name,\n", "step": null, "ts": 1700397905.6618583}, {"value": "  File \"C:\\Users\\mario\\AppData\\Roaming\\nvim-data\\mason\\packages\\debugpy\\venv\\lib\\site-packages\\debugpy\\_vendored\\pydevd\\_pydevd_bundle\\pydevd_runpy.py\", line 135, in _run_module_code\n    _run_code(code, mod_globals, init_globals,\n", "step": null, "ts": 1700397905.6618583}]}, "version": 127}
{"obj": {"type": "LogStrings", "path": ["monitoring", "traceback"], "values": [{"value": "  File \"C:\\Users\\mario\\AppData\\Roaming\\nvim-data\\mason\\packages\\debugpy\\venv\\lib\\site-packages\\debugpy\\_vendored\\pydevd\\_pydevd_bundle\\pydevd_runpy.py\", line 124, in _run_code\n    exec(code, run_globals)\n", "step": null, "ts": 1700397905.6618583}, {"value": "  File \"C:\\Users\\mario\\Github\\UPC\\CI-MAI\\src\\test.py\", line 75, in <module>\n    tim.train(train_dataloader, val_dataloader)\n", "step": null, "ts": 1700397905.6618583}, {"value": "  File \"C:\\Users\\mario\\Github\\UPC\\CI-MAI\\src\\utils\\train_inference.py\", line 76, in train\n    loss = self.loss_function(outputs, targets)\n", "step": null, "ts": 1700397905.6618583}, {"value": "  File \"C:\\Users\\mario\\anaconda3\\envs\\CI\\lib\\site-packages\\torch\\nn\\modules\\loss.py\", line 533, in __init__\n    super(MSELoss, self).__init__(size_average, reduce, reduction)\n", "step": null, "ts": 1700397905.6618583}, {"value": "  File \"C:\\Users\\mario\\anaconda3\\envs\\CI\\lib\\site-packages\\torch\\nn\\modules\\loss.py\", line 23, in __init__\n    self.reduction: str = _Reduction.legacy_get_string(size_average, reduce)\n", "step": null, "ts": 1700397905.6618583}, {"value": "  File \"C:\\Users\\mario\\anaconda3\\envs\\CI\\lib\\site-packages\\torch\\nn\\_reduction.py\", line 35, in legacy_get_string\n    if size_average and reduce:\n", "step": null, "ts": 1700397905.6618583}, {"value": "Boolean value of Tensor with more than one value is ambiguous", "step": null, "ts": 1700397905.6618583}]}, "version": 128}
{"obj": {"type": "AssignBool", "path": ["sys", "failed"], "value": true}, "version": 129}
{"obj": {"type": "LogStrings", "path": ["monitoring", "stderr"], "values": [{"value": "Traceback (most recent call last):\n", "step": null, "ts": 1700397905.6618583}]}, "version": 130}
{"obj": {"type": "LogStrings", "path": ["monitoring", "stderr"], "values": [{"value": "  File \"C:\\Users\\mario\\anaconda3\\envs\\CI\\lib\\runpy.py\", line 197, in _run_module_as_main\n", "step": null, "ts": 1700397905.6618583}]}, "version": 131}
{"obj": {"type": "LogStrings", "path": ["monitoring", "stderr"], "values": [{"value": "    ", "step": null, "ts": 1700397905.6618583}]}, "version": 132}
{"obj": {"type": "LogStrings", "path": ["monitoring", "stderr"], "values": [{"value": "return _run_code(code, main_globals, None,", "step": null, "ts": 1700397905.6618583}]}, "version": 133}
{"obj": {"type": "LogStrings", "path": ["monitoring", "stderr"], "values": [{"value": "\n", "step": null, "ts": 1700397905.6618583}]}, "version": 134}
{"obj": {"type": "LogStrings", "path": ["monitoring", "stderr"], "values": [{"value": "  File \"C:\\Users\\mario\\anaconda3\\envs\\CI\\lib\\runpy.py\", line 87, in _run_code\n", "step": null, "ts": 1700397905.6618583}]}, "version": 135}
{"obj": {"type": "LogStrings", "path": ["monitoring", "stderr"], "values": [{"value": "    ", "step": null, "ts": 1700397905.6618583}]}, "version": 136}
{"obj": {"type": "LogStrings", "path": ["monitoring", "stderr"], "values": [{"value": "exec(code, run_globals)", "step": null, "ts": 1700397905.6618583}]}, "version": 137}
{"obj": {"type": "LogStrings", "path": ["monitoring", "stderr"], "values": [{"value": "\n", "step": null, "ts": 1700397905.6618583}]}, "version": 138}
{"obj": {"type": "LogStrings", "path": ["monitoring", "stderr"], "values": [{"value": "  File \"C:\\Users\\mario\\AppData\\Roaming\\nvim-data\\mason\\packages\\debugpy\\venv\\lib\\site-packages\\debugpy\\__main__.py\", line 39, in <module>\n", "step": null, "ts": 1700397905.6618583}]}, "version": 139}
{"obj": {"type": "LogStrings", "path": ["monitoring", "stderr"], "values": [{"value": "    ", "step": null, "ts": 1700397905.6618583}]}, "version": 140}
{"obj": {"type": "LogStrings", "path": ["monitoring", "stderr"], "values": [{"value": "cli.main()", "step": null, "ts": 1700397905.6618583}]}, "version": 141}
{"obj": {"type": "LogStrings", "path": ["monitoring", "stderr"], "values": [{"value": "\n", "step": null, "ts": 1700397905.6618583}]}, "version": 142}
{"obj": {"type": "LogStrings", "path": ["monitoring", "stderr"], "values": [{"value": "  File \"C:\\Users\\mario\\AppData\\Roaming\\nvim-data\\mason\\packages\\debugpy\\venv\\lib\\site-packages\\debugpy/..\\debugpy\\server\\cli.py\", line 430, in main\n", "step": null, "ts": 1700397905.6618583}]}, "version": 143}
{"obj": {"type": "LogStrings", "path": ["monitoring", "stderr"], "values": [{"value": "    ", "step": null, "ts": 1700397905.6618583}]}, "version": 144}
{"obj": {"type": "LogStrings", "path": ["monitoring", "stderr"], "values": [{"value": "run()", "step": null, "ts": 1700397905.6618583}]}, "version": 145}
{"obj": {"type": "LogStrings", "path": ["monitoring", "stderr"], "values": [{"value": "\n", "step": null, "ts": 1700397905.6618583}]}, "version": 146}
{"obj": {"type": "LogStrings", "path": ["monitoring", "stderr"], "values": [{"value": "  File \"C:\\Users\\mario\\AppData\\Roaming\\nvim-data\\mason\\packages\\debugpy\\venv\\lib\\site-packages\\debugpy/..\\debugpy\\server\\cli.py\", line 284, in run_file\n", "step": null, "ts": 1700397905.6618583}]}, "version": 147}
{"obj": {"type": "LogStrings", "path": ["monitoring", "stderr"], "values": [{"value": "    ", "step": null, "ts": 1700397905.6618583}]}, "version": 148}
{"obj": {"type": "LogStrings", "path": ["monitoring", "stderr"], "values": [{"value": "runpy.run_path(target, run_name=\"__main__\")", "step": null, "ts": 1700397905.6618583}]}, "version": 149}
{"obj": {"type": "LogStrings", "path": ["monitoring", "stderr"], "values": [{"value": "\n", "step": null, "ts": 1700397905.6618583}]}, "version": 150}
{"obj": {"type": "LogStrings", "path": ["monitoring", "stderr"], "values": [{"value": "  File \"C:\\Users\\mario\\AppData\\Roaming\\nvim-data\\mason\\packages\\debugpy\\venv\\lib\\site-packages\\debugpy\\_vendored\\pydevd\\_pydevd_bundle\\pydevd_runpy.py\", line 321, in run_path\n", "step": null, "ts": 1700397905.6618583}]}, "version": 151}
{"obj": {"type": "LogStrings", "path": ["monitoring", "stderr"], "values": [{"value": "    ", "step": null, "ts": 1700397905.6774948}]}, "version": 152}
{"obj": {"type": "LogStrings", "path": ["monitoring", "stderr"], "values": [{"value": "return _run_module_code(code, init_globals, run_name,", "step": null, "ts": 1700397905.6774948}]}, "version": 153}
{"obj": {"type": "LogStrings", "path": ["monitoring", "stderr"], "values": [{"value": "\n", "step": null, "ts": 1700397905.6774948}]}, "version": 154}
{"obj": {"type": "LogStrings", "path": ["monitoring", "stderr"], "values": [{"value": "  File \"C:\\Users\\mario\\AppData\\Roaming\\nvim-data\\mason\\packages\\debugpy\\venv\\lib\\site-packages\\debugpy\\_vendored\\pydevd\\_pydevd_bundle\\pydevd_runpy.py\", line 135, in _run_module_code\n", "step": null, "ts": 1700397905.6774948}]}, "version": 155}
{"obj": {"type": "LogStrings", "path": ["monitoring", "stderr"], "values": [{"value": "    ", "step": null, "ts": 1700397905.6774948}]}, "version": 156}
{"obj": {"type": "LogStrings", "path": ["monitoring", "stderr"], "values": [{"value": "_run_code(code, mod_globals, init_globals,", "step": null, "ts": 1700397905.6774948}]}, "version": 157}
{"obj": {"type": "LogStrings", "path": ["monitoring", "stderr"], "values": [{"value": "\n", "step": null, "ts": 1700397905.6774948}]}, "version": 158}
{"obj": {"type": "LogStrings", "path": ["monitoring", "stderr"], "values": [{"value": "  File \"C:\\Users\\mario\\AppData\\Roaming\\nvim-data\\mason\\packages\\debugpy\\venv\\lib\\site-packages\\debugpy\\_vendored\\pydevd\\_pydevd_bundle\\pydevd_runpy.py\", line 124, in _run_code\n", "step": null, "ts": 1700397905.6774948}]}, "version": 159}
{"obj": {"type": "LogStrings", "path": ["monitoring", "stderr"], "values": [{"value": "    ", "step": null, "ts": 1700397905.6774948}]}, "version": 160}
{"obj": {"type": "LogStrings", "path": ["monitoring", "stderr"], "values": [{"value": "exec(code, run_globals)", "step": null, "ts": 1700397905.6774948}]}, "version": 161}
{"obj": {"type": "LogStrings", "path": ["monitoring", "stderr"], "values": [{"value": "\n", "step": null, "ts": 1700397905.6774948}]}, "version": 162}
{"obj": {"type": "LogStrings", "path": ["monitoring", "stderr"], "values": [{"value": "  File \"C:\\Users\\mario\\Github\\UPC\\CI-MAI\\src\\test.py\", line 75, in <module>\n", "step": null, "ts": 1700397905.6774948}]}, "version": 163}
{"obj": {"type": "LogStrings", "path": ["monitoring", "stderr"], "values": [{"value": "    ", "step": null, "ts": 1700397905.6774948}]}, "version": 164}
{"obj": {"type": "LogStrings", "path": ["monitoring", "stderr"], "values": [{"value": "tim.train(train_dataloader, val_dataloader)", "step": null, "ts": 1700397905.6774948}]}, "version": 165}
{"obj": {"type": "LogStrings", "path": ["monitoring", "stderr"], "values": [{"value": "\n", "step": null, "ts": 1700397905.6774948}]}, "version": 166}
{"obj": {"type": "LogStrings", "path": ["monitoring", "stderr"], "values": [{"value": "  File \"C:\\Users\\mario\\Github\\UPC\\CI-MAI\\src\\utils\\train_inference.py\", line 76, in train\n", "step": null, "ts": 1700397905.6774948}]}, "version": 167}
{"obj": {"type": "LogStrings", "path": ["monitoring", "stderr"], "values": [{"value": "    ", "step": null, "ts": 1700397905.6774948}]}, "version": 168}
{"obj": {"type": "LogStrings", "path": ["monitoring", "stderr"], "values": [{"value": "loss = self.loss_function(outputs, targets)", "step": null, "ts": 1700397905.6774948}]}, "version": 169}
{"obj": {"type": "LogStrings", "path": ["monitoring", "stderr"], "values": [{"value": "\n", "step": null, "ts": 1700397905.6774948}]}, "version": 170}
{"obj": {"type": "LogStrings", "path": ["monitoring", "stderr"], "values": [{"value": "  File \"C:\\Users\\mario\\anaconda3\\envs\\CI\\lib\\site-packages\\torch\\nn\\modules\\loss.py\", line 533, in __init__\n", "step": null, "ts": 1700397905.6774948}]}, "version": 171}
{"obj": {"type": "LogStrings", "path": ["monitoring", "stderr"], "values": [{"value": "    ", "step": null, "ts": 1700397905.6774948}]}, "version": 172}
{"obj": {"type": "LogStrings", "path": ["monitoring", "stderr"], "values": [{"value": "super(MSELoss, self).__init__(size_average, reduce, reduction)", "step": null, "ts": 1700397905.693132}]}, "version": 173}
{"obj": {"type": "LogStrings", "path": ["monitoring", "stderr"], "values": [{"value": "\n", "step": null, "ts": 1700397905.693132}]}, "version": 174}
{"obj": {"type": "LogStrings", "path": ["monitoring", "stderr"], "values": [{"value": "  File \"C:\\Users\\mario\\anaconda3\\envs\\CI\\lib\\site-packages\\torch\\nn\\modules\\loss.py\", line 23, in __init__\n", "step": null, "ts": 1700397905.693132}]}, "version": 175}
{"obj": {"type": "LogStrings", "path": ["monitoring", "stderr"], "values": [{"value": "    ", "step": null, "ts": 1700397905.693132}]}, "version": 176}
{"obj": {"type": "LogStrings", "path": ["monitoring", "stderr"], "values": [{"value": "self.reduction: str = _Reduction.legacy_get_string(size_average, reduce)", "step": null, "ts": 1700397905.693132}]}, "version": 177}
{"obj": {"type": "LogStrings", "path": ["monitoring", "stderr"], "values": [{"value": "\n", "step": null, "ts": 1700397905.693132}]}, "version": 178}
{"obj": {"type": "LogStrings", "path": ["monitoring", "stderr"], "values": [{"value": "  File \"C:\\Users\\mario\\anaconda3\\envs\\CI\\lib\\site-packages\\torch\\nn\\_reduction.py\", line 35, in legacy_get_string\n", "step": null, "ts": 1700397905.693132}]}, "version": 179}
{"obj": {"type": "LogStrings", "path": ["monitoring", "stderr"], "values": [{"value": "    ", "step": null, "ts": 1700397905.693132}]}, "version": 180}
{"obj": {"type": "LogStrings", "path": ["monitoring", "stderr"], "values": [{"value": "if size_average and reduce:", "step": null, "ts": 1700397905.693132}]}, "version": 181}
{"obj": {"type": "LogStrings", "path": ["monitoring", "stderr"], "values": [{"value": "\n", "step": null, "ts": 1700397905.693132}]}, "version": 182}
{"obj": {"type": "LogStrings", "path": ["monitoring", "stderr"], "values": [{"value": "RuntimeError", "step": null, "ts": 1700397905.693132}]}, "version": 183}
{"obj": {"type": "LogStrings", "path": ["monitoring", "stderr"], "values": [{"value": ": ", "step": null, "ts": 1700397905.693132}]}, "version": 184}
{"obj": {"type": "LogStrings", "path": ["monitoring", "stderr"], "values": [{"value": "Boolean value of Tensor with more than one value is ambiguous", "step": null, "ts": 1700397905.693132}]}, "version": 185}
{"obj": {"type": "LogStrings", "path": ["monitoring", "stderr"], "values": [{"value": "\n", "step": null, "ts": 1700397905.693132}]}, "version": 186}
{"obj": {"type": "LogStrings", "path": ["monitoring", "stdout"], "values": [{"value": "Shutting down background jobs, please wait a moment...\n", "step": null, "ts": 1700397906.3227575}]}, "version": 187}
