{"obj": {"type": "AssignString", "path": ["sys", "name"], "value": "Untitled"}, "version": 1}
{"obj": {"type": "AssignString", "path": ["sys", "description"], "value": ""}, "version": 2}
{"obj": {"type": "AssignString", "path": ["sys", "hostname"], "value": "Mario"}, "version": 3}
{"obj": {"type": "AssignBool", "path": ["sys", "failed"], "value": false}, "version": 4}
{"obj": {"type": "ClearStringLog", "path": ["monitoring", "stdout"]}, "version": 5}
{"obj": {"type": "ClearStringLog", "path": ["monitoring", "stderr"]}, "version": 6}
{"obj": {"type": "AssignString", "path": ["source_code", "entrypoint"], "value": "test.py"}, "version": 7}
{"obj": {"type": "UploadFileSet", "path": ["source_code", "files"], "file_globs": ["C:\\Users\\mario\\Github\\UPC\\CI-MAI\\src\\test.py"], "reset": "False"}, "version": 8}
{"obj": {"type": "ConfigFloatSeries", "path": ["monitoring", "cpu"], "min": 0.0, "max": 100.0, "unit": "%"}, "version": 9}
{"obj": {"type": "ClearFloatLog", "path": ["monitoring", "cpu"]}, "version": 10}
{"obj": {"type": "ConfigFloatSeries", "path": ["monitoring", "memory"], "min": 0.0, "max": 15.788383483886719, "unit": "GB"}, "version": 11}
{"obj": {"type": "ClearFloatLog", "path": ["monitoring", "memory"]}, "version": 12}
{"obj": {"type": "ConfigFloatSeries", "path": ["monitoring", "gpu"], "min": 0.0, "max": 100.0, "unit": "%"}, "version": 13}
{"obj": {"type": "ClearFloatLog", "path": ["monitoring", "gpu"]}, "version": 14}
{"obj": {"type": "ConfigFloatSeries", "path": ["monitoring", "gpu_memory"], "min": 0.0, "max": 8.0, "unit": "GB"}, "version": 15}
{"obj": {"type": "ClearFloatLog", "path": ["monitoring", "gpu_memory"]}, "version": 16}
{"obj": {"type": "AssignString", "path": ["parameters", "Experiment"], "value": "MLP"}, "version": 17}
{"obj": {"type": "AssignString", "path": ["parameters", "DataSplit"], "value": "0.8-0.1-0.1"}, "version": 18}
{"obj": {"type": "AssignString", "path": ["parameters", "MLP"], "value": "784-100-101"}, "version": 19}
{"obj": {"type": "AssignString", "path": ["parameters", "CNN"], "value": "1-5-8"}, "version": 20}
{"obj": {"type": "AssignString", "path": ["parameters", "Kernels"], "value": "3-3-3"}, "version": 21}
{"obj": {"type": "AssignString", "path": ["parameters", "HiddenAct"], "value": "logsig"}, "version": 22}
{"obj": {"type": "AssignString", "path": ["parameters", "OutputAct"], "value": "softmax"}, "version": 23}
{"obj": {"type": "AssignString", "path": ["parameters", "PoolingL"], "value": "max_pool"}, "version": 24}
{"obj": {"type": "AssignInt", "path": ["parameters", "Padding"], "value": 0}, "version": 25}
{"obj": {"type": "AssignInt", "path": ["parameters", "Stride"], "value": 1}, "version": 26}
{"obj": {"type": "AssignInt", "path": ["parameters", "Epochs"], "value": 50}, "version": 27}
{"obj": {"type": "AssignString", "path": ["parameters", "LossFunc"], "value": "cce"}, "version": 28}
{"obj": {"type": "AssignString", "path": ["parameters", "Optimizer"], "value": "SGD"}, "version": 29}
{"obj": {"type": "AssignFloat", "path": ["parameters", "Momentum"], "value": 0.9}, "version": 30}
{"obj": {"type": "AssignFloat", "path": ["parameters", "LearningRate"], "value": 0.005}, "version": 31}
{"obj": {"type": "AssignInt", "path": ["parameters", "Tolerance"], "value": 10}, "version": 32}
{"obj": {"type": "AssignString", "path": ["parameters", "Device"], "value": "gpu"}, "version": 33}
{"obj": {"type": "LogFloats", "path": ["monitoring", "cpu"], "values": [{"value": 9.0, "step": null, "ts": 1700355558.5538769}]}, "version": 34}
{"obj": {"type": "LogFloats", "path": ["monitoring", "memory"], "values": [{"value": 12.197486877441406, "step": null, "ts": 1700355558.5538769}]}, "version": 35}
{"obj": {"type": "LogFloats", "path": ["monitoring", "gpu_memory"], "values": [{"value": 0.14453125, "step": null, "ts": 1700355558.5538769}]}, "version": 36}
{"obj": {"type": "LogStrings", "path": ["monitoring", "stderr"], "values": [{"value": "C:\\Users\\mario\\Github\\UPC\\CI-MAI\\src\\architectures\\mlp.py:38: UserWarning: Implicit dimension choice for log_softmax has been deprecated. Change the call to include dim=X as an argument.\n  return self.out_activ(self.layers(x))\n", "step": null, "ts": 1700355565.3205798}]}, "version": 37}
{"obj": {"type": "LogStrings", "path": ["monitoring", "stdout"], "values": [{"value": "----------------------------------------------------------------", "step": null, "ts": 1700355565.324615}]}, "version": 38}
{"obj": {"type": "LogStrings", "path": ["monitoring", "stdout"], "values": [{"value": "\n", "step": null, "ts": 1700355565.324615}]}, "version": 39}
{"obj": {"type": "LogStrings", "path": ["monitoring", "stdout"], "values": [{"value": "        Layer (type)               Output Shape         Param #", "step": null, "ts": 1700355565.324615}]}, "version": 40}
{"obj": {"type": "LogStrings", "path": ["monitoring", "stdout"], "values": [{"value": "\n", "step": null, "ts": 1700355565.324615}]}, "version": 41}
{"obj": {"type": "LogStrings", "path": ["monitoring", "stdout"], "values": [{"value": "================================================================", "step": null, "ts": 1700355565.324615}]}, "version": 42}
{"obj": {"type": "LogStrings", "path": ["monitoring", "stdout"], "values": [{"value": "\n", "step": null, "ts": 1700355565.324615}]}, "version": 43}
{"obj": {"type": "LogStrings", "path": ["monitoring", "stdout"], "values": [{"value": "            Linear-1               [-1, 1, 100]          78,500", "step": null, "ts": 1700355565.324615}]}, "version": 44}
{"obj": {"type": "LogStrings", "path": ["monitoring", "stdout"], "values": [{"value": "\n", "step": null, "ts": 1700355565.324615}]}, "version": 45}
{"obj": {"type": "LogStrings", "path": ["monitoring", "stdout"], "values": [{"value": "        LogSigmoid-2               [-1, 1, 100]               0", "step": null, "ts": 1700355565.324615}]}, "version": 46}
{"obj": {"type": "LogStrings", "path": ["monitoring", "stdout"], "values": [{"value": "\n", "step": null, "ts": 1700355565.324615}]}, "version": 47}
{"obj": {"type": "LogStrings", "path": ["monitoring", "stdout"], "values": [{"value": "            Linear-3               [-1, 1, 101]          10,201", "step": null, "ts": 1700355565.324615}]}, "version": 48}
{"obj": {"type": "LogStrings", "path": ["monitoring", "stdout"], "values": [{"value": "\n", "step": null, "ts": 1700355565.324615}]}, "version": 49}
{"obj": {"type": "LogStrings", "path": ["monitoring", "stdout"], "values": [{"value": "        LogSoftmax-4               [-1, 1, 101]               0", "step": null, "ts": 1700355565.324615}]}, "version": 50}
{"obj": {"type": "LogStrings", "path": ["monitoring", "stdout"], "values": [{"value": "\n", "step": null, "ts": 1700355565.324615}]}, "version": 51}
{"obj": {"type": "LogStrings", "path": ["monitoring", "stdout"], "values": [{"value": "================================================================", "step": null, "ts": 1700355565.324615}]}, "version": 52}
{"obj": {"type": "LogStrings", "path": ["monitoring", "stdout"], "values": [{"value": "\n", "step": null, "ts": 1700355565.324615}]}, "version": 53}
{"obj": {"type": "LogStrings", "path": ["monitoring", "stdout"], "values": [{"value": "Total params: 88,701", "step": null, "ts": 1700355565.324615}]}, "version": 54}
{"obj": {"type": "LogStrings", "path": ["monitoring", "stdout"], "values": [{"value": "\n", "step": null, "ts": 1700355565.324615}]}, "version": 55}
{"obj": {"type": "LogStrings", "path": ["monitoring", "stdout"], "values": [{"value": "Trainable params: 88,701", "step": null, "ts": 1700355565.324615}]}, "version": 56}
{"obj": {"type": "LogStrings", "path": ["monitoring", "stdout"], "values": [{"value": "\n", "step": null, "ts": 1700355565.324615}]}, "version": 57}
{"obj": {"type": "LogStrings", "path": ["monitoring", "stdout"], "values": [{"value": "Non-trainable params: 0", "step": null, "ts": 1700355565.324615}]}, "version": 58}
{"obj": {"type": "LogStrings", "path": ["monitoring", "stdout"], "values": [{"value": "\n", "step": null, "ts": 1700355565.324615}]}, "version": 59}
{"obj": {"type": "LogStrings", "path": ["monitoring", "stdout"], "values": [{"value": "----------------------------------------------------------------", "step": null, "ts": 1700355565.324615}]}, "version": 60}
{"obj": {"type": "LogStrings", "path": ["monitoring", "stdout"], "values": [{"value": "\n", "step": null, "ts": 1700355565.3286216}]}, "version": 61}
{"obj": {"type": "LogStrings", "path": ["monitoring", "stdout"], "values": [{"value": "Input size (MB): 0.00", "step": null, "ts": 1700355565.3286216}]}, "version": 62}
{"obj": {"type": "LogStrings", "path": ["monitoring", "stdout"], "values": [{"value": "\n", "step": null, "ts": 1700355565.3286216}]}, "version": 63}
{"obj": {"type": "LogStrings", "path": ["monitoring", "stdout"], "values": [{"value": "Forward/backward pass size (MB): 0.00", "step": null, "ts": 1700355565.3286216}]}, "version": 64}
{"obj": {"type": "LogStrings", "path": ["monitoring", "stdout"], "values": [{"value": "\n", "step": null, "ts": 1700355565.3286216}]}, "version": 65}
{"obj": {"type": "LogStrings", "path": ["monitoring", "stdout"], "values": [{"value": "Params size (MB): 0.34", "step": null, "ts": 1700355565.3286216}]}, "version": 66}
{"obj": {"type": "LogStrings", "path": ["monitoring", "stdout"], "values": [{"value": "\n", "step": null, "ts": 1700355565.3286216}]}, "version": 67}
{"obj": {"type": "LogStrings", "path": ["monitoring", "stdout"], "values": [{"value": "Estimated Total Size (MB): 0.34", "step": null, "ts": 1700355565.3286216}]}, "version": 68}
{"obj": {"type": "LogStrings", "path": ["monitoring", "stdout"], "values": [{"value": "\n", "step": null, "ts": 1700355565.3286216}]}, "version": 69}
{"obj": {"type": "LogStrings", "path": ["monitoring", "stdout"], "values": [{"value": "----------------------------------------------------------------", "step": null, "ts": 1700355565.3286216}]}, "version": 70}
{"obj": {"type": "LogStrings", "path": ["monitoring", "stdout"], "values": [{"value": "\n", "step": null, "ts": 1700355565.3286216}]}, "version": 71}
{"obj": {"type": "LogStrings", "path": ["monitoring", "stdout"], "values": [{"value": "Device used: ", "step": null, "ts": 1700355565.8984835}]}, "version": 72}
{"obj": {"type": "LogStrings", "path": ["monitoring", "stdout"], "values": [{"value": " ", "step": null, "ts": 1700355565.8984835}]}, "version": 73}
{"obj": {"type": "LogStrings", "path": ["monitoring", "stdout"], "values": [{"value": "cpu", "step": null, "ts": 1700355565.8984835}]}, "version": 74}
{"obj": {"type": "LogStrings", "path": ["monitoring", "stdout"], "values": [{"value": "\n", "step": null, "ts": 1700355565.8984835}]}, "version": 75}
{"obj": {"type": "LogStrings", "path": ["monitoring", "stdout"], "values": [{"value": "--------------------------------------------\n TRAINING MODEL ", "step": null, "ts": 1700355565.8984835}]}, "version": 76}
{"obj": {"type": "LogStrings", "path": ["monitoring", "stdout"], "values": [{"value": "\n", "step": null, "ts": 1700355565.8984835}]}, "version": 77}
{"obj": {"type": "LogStrings", "path": ["monitoring", "stdout"], "values": [{"value": "--------------------------------------------\n", "step": null, "ts": 1700355565.8984835}]}, "version": 78}
{"obj": {"type": "LogStrings", "path": ["monitoring", "stdout"], "values": [{"value": "\n", "step": null, "ts": 1700355565.8984835}]}, "version": 79}
{"obj": {"type": "LogStrings", "path": ["monitoring", "stdout"], "values": [{"value": "Starting epoch 1", "step": null, "ts": 1700355565.8984835}]}, "version": 80}
{"obj": {"type": "LogStrings", "path": ["monitoring", "stdout"], "values": [{"value": "\n", "step": null, "ts": 1700355565.8984835}]}, "version": 81}
{"obj": {"type": "LogStrings", "path": ["monitoring", "traceback"], "values": [{"value": "An uncaught exception occurred while run was active on worker Mario.", "step": null, "ts": 1700355566.3134942}, {"value": "Marking run as failed", "step": null, "ts": 1700355566.3134942}, {"value": "Traceback:", "step": null, "ts": 1700355566.3134942}, {"value": "  File \"C:\\Users\\mario\\Github\\UPC\\CI-MAI\\src\\test.py\", line 73, in <module>\n    tim.train(train_dataloader, val_dataloader)\n", "step": null, "ts": 1700355566.3134942}, {"value": "  File \"C:\\Users\\mario\\Github\\UPC\\CI-MAI\\src\\utils\\train_inference.py\", line 73, in train\n    outputs = self.model(inputs)\n", "step": null, "ts": 1700355566.3134942}, {"value": "  File \"C:\\Users\\mario\\anaconda3\\envs\\CI\\lib\\site-packages\\torch\\nn\\modules\\module.py\", line 1190, in _call_impl\n    return forward_call(*input, **kwargs)\n", "step": null, "ts": 1700355566.3134942}, {"value": "  File \"C:\\Users\\mario\\Github\\UPC\\CI-MAI\\src\\architectures\\mlp.py\", line 38, in forward\n    return self.out_activ(self.layers(x))\n", "step": null, "ts": 1700355566.3134942}, {"value": "  File \"C:\\Users\\mario\\anaconda3\\envs\\CI\\lib\\site-packages\\torch\\nn\\modules\\module.py\", line 1190, in _call_impl\n    return forward_call(*input, **kwargs)\n", "step": null, "ts": 1700355566.3134942}, {"value": "  File \"C:\\Users\\mario\\anaconda3\\envs\\CI\\lib\\site-packages\\torch\\nn\\modules\\container.py\", line 204, in forward\n    input = module(input)\n", "step": null, "ts": 1700355566.3134942}, {"value": "  File \"C:\\Users\\mario\\anaconda3\\envs\\CI\\lib\\site-packages\\torch\\nn\\modules\\module.py\", line 1190, in _call_impl\n    return forward_call(*input, **kwargs)\n", "step": null, "ts": 1700355566.3134942}]}, "version": 82}
{"obj": {"type": "LogStrings", "path": ["monitoring", "traceback"], "values": [{"value": "  File \"C:\\Users\\mario\\anaconda3\\envs\\CI\\lib\\site-packages\\torch\\nn\\modules\\linear.py\", line 114, in forward\n    return F.linear(input, self.weight, self.bias)\n", "step": null, "ts": 1700355566.3134942}, {"value": "mat1 and mat2 shapes cannot be multiplied (448x28 and 784x100)", "step": null, "ts": 1700355566.3134942}]}, "version": 83}
{"obj": {"type": "AssignBool", "path": ["sys", "failed"], "value": true}, "version": 84}
{"obj": {"type": "LogStrings", "path": ["monitoring", "stderr"], "values": [{"value": "Traceback (most recent call last):\n", "step": null, "ts": 1700355566.318636}]}, "version": 85}
{"obj": {"type": "LogStrings", "path": ["monitoring", "stderr"], "values": [{"value": "  File \"C:\\Users\\mario\\Github\\UPC\\CI-MAI\\src\\test.py\", line 73, in <module>\n", "step": null, "ts": 1700355566.318636}]}, "version": 86}
{"obj": {"type": "LogStrings", "path": ["monitoring", "stderr"], "values": [{"value": "    ", "step": null, "ts": 1700355566.318636}]}, "version": 87}
{"obj": {"type": "LogStrings", "path": ["monitoring", "stderr"], "values": [{"value": "tim.train(train_dataloader, val_dataloader)", "step": null, "ts": 1700355566.318636}]}, "version": 88}
{"obj": {"type": "LogStrings", "path": ["monitoring", "stderr"], "values": [{"value": "\n", "step": null, "ts": 1700355566.318636}]}, "version": 89}
{"obj": {"type": "LogStrings", "path": ["monitoring", "stderr"], "values": [{"value": "  File \"C:\\Users\\mario\\Github\\UPC\\CI-MAI\\src\\utils\\train_inference.py\", line 73, in train\n", "step": null, "ts": 1700355566.3197246}]}, "version": 90}
{"obj": {"type": "LogStrings", "path": ["monitoring", "stderr"], "values": [{"value": "    ", "step": null, "ts": 1700355566.3197246}]}, "version": 91}
{"obj": {"type": "LogStrings", "path": ["monitoring", "stderr"], "values": [{"value": "outputs = self.model(inputs)", "step": null, "ts": 1700355566.3197246}]}, "version": 92}
{"obj": {"type": "LogStrings", "path": ["monitoring", "stderr"], "values": [{"value": "\n", "step": null, "ts": 1700355566.3197246}]}, "version": 93}
{"obj": {"type": "LogStrings", "path": ["monitoring", "stderr"], "values": [{"value": "  File \"C:\\Users\\mario\\anaconda3\\envs\\CI\\lib\\site-packages\\torch\\nn\\modules\\module.py\", line 1190, in _call_impl\n", "step": null, "ts": 1700355566.3197246}]}, "version": 94}
{"obj": {"type": "LogStrings", "path": ["monitoring", "stderr"], "values": [{"value": "    ", "step": null, "ts": 1700355566.3197246}]}, "version": 95}
{"obj": {"type": "LogStrings", "path": ["monitoring", "stderr"], "values": [{"value": "return forward_call(*input, **kwargs)", "step": null, "ts": 1700355566.3197246}]}, "version": 96}
{"obj": {"type": "LogStrings", "path": ["monitoring", "stderr"], "values": [{"value": "\n", "step": null, "ts": 1700355566.3197246}]}, "version": 97}
{"obj": {"type": "LogStrings", "path": ["monitoring", "stderr"], "values": [{"value": "  File \"C:\\Users\\mario\\Github\\UPC\\CI-MAI\\src\\architectures\\mlp.py\", line 38, in forward\n", "step": null, "ts": 1700355566.3197246}]}, "version": 98}
{"obj": {"type": "LogStrings", "path": ["monitoring", "stderr"], "values": [{"value": "    ", "step": null, "ts": 1700355566.3197246}]}, "version": 99}
{"obj": {"type": "LogStrings", "path": ["monitoring", "stderr"], "values": [{"value": "return self.out_activ(self.layers(x))", "step": null, "ts": 1700355566.3197246}]}, "version": 100}
{"obj": {"type": "LogStrings", "path": ["monitoring", "stderr"], "values": [{"value": "\n", "step": null, "ts": 1700355566.3197246}]}, "version": 101}
{"obj": {"type": "LogStrings", "path": ["monitoring", "stderr"], "values": [{"value": "  File \"C:\\Users\\mario\\anaconda3\\envs\\CI\\lib\\site-packages\\torch\\nn\\modules\\module.py\", line 1190, in _call_impl\n", "step": null, "ts": 1700355566.3197246}]}, "version": 102}
{"obj": {"type": "LogStrings", "path": ["monitoring", "stderr"], "values": [{"value": "    ", "step": null, "ts": 1700355566.3197246}]}, "version": 103}
{"obj": {"type": "LogStrings", "path": ["monitoring", "stderr"], "values": [{"value": "return forward_call(*input, **kwargs)", "step": null, "ts": 1700355566.3197246}]}, "version": 104}
{"obj": {"type": "LogStrings", "path": ["monitoring", "stderr"], "values": [{"value": "\n", "step": null, "ts": 1700355566.3197246}]}, "version": 105}
{"obj": {"type": "LogStrings", "path": ["monitoring", "stderr"], "values": [{"value": "  File \"C:\\Users\\mario\\anaconda3\\envs\\CI\\lib\\site-packages\\torch\\nn\\modules\\container.py\", line 204, in forward\n", "step": null, "ts": 1700355566.3197246}]}, "version": 106}
{"obj": {"type": "LogStrings", "path": ["monitoring", "stderr"], "values": [{"value": "    ", "step": null, "ts": 1700355566.3197246}]}, "version": 107}
{"obj": {"type": "LogStrings", "path": ["monitoring", "stderr"], "values": [{"value": "input = module(input)", "step": null, "ts": 1700355566.3197246}]}, "version": 108}
{"obj": {"type": "LogStrings", "path": ["monitoring", "stderr"], "values": [{"value": "\n", "step": null, "ts": 1700355566.3197246}]}, "version": 109}
{"obj": {"type": "LogStrings", "path": ["monitoring", "stderr"], "values": [{"value": "  File \"C:\\Users\\mario\\anaconda3\\envs\\CI\\lib\\site-packages\\torch\\nn\\modules\\module.py\", line 1190, in _call_impl\n", "step": null, "ts": 1700355566.3197246}]}, "version": 110}
{"obj": {"type": "LogStrings", "path": ["monitoring", "stderr"], "values": [{"value": "    ", "step": null, "ts": 1700355566.3197246}]}, "version": 111}
{"obj": {"type": "LogStrings", "path": ["monitoring", "stderr"], "values": [{"value": "return forward_call(*input, **kwargs)", "step": null, "ts": 1700355566.3197246}]}, "version": 112}
{"obj": {"type": "LogStrings", "path": ["monitoring", "stderr"], "values": [{"value": "\n", "step": null, "ts": 1700355566.3197246}]}, "version": 113}
{"obj": {"type": "LogStrings", "path": ["monitoring", "stderr"], "values": [{"value": "  File \"C:\\Users\\mario\\anaconda3\\envs\\CI\\lib\\site-packages\\torch\\nn\\modules\\linear.py\", line 114, in forward\n", "step": null, "ts": 1700355566.3197246}]}, "version": 114}
{"obj": {"type": "LogStrings", "path": ["monitoring", "stderr"], "values": [{"value": "    ", "step": null, "ts": 1700355566.3197246}]}, "version": 115}
{"obj": {"type": "LogStrings", "path": ["monitoring", "stderr"], "values": [{"value": "return F.linear(input, self.weight, self.bias)", "step": null, "ts": 1700355566.3197246}]}, "version": 116}
{"obj": {"type": "LogStrings", "path": ["monitoring", "stderr"], "values": [{"value": "\n", "step": null, "ts": 1700355566.3197246}]}, "version": 117}
{"obj": {"type": "LogStrings", "path": ["monitoring", "stderr"], "values": [{"value": "RuntimeError", "step": null, "ts": 1700355566.3197246}]}, "version": 118}
{"obj": {"type": "LogStrings", "path": ["monitoring", "stderr"], "values": [{"value": ": ", "step": null, "ts": 1700355566.3197246}]}, "version": 119}
{"obj": {"type": "LogStrings", "path": ["monitoring", "stderr"], "values": [{"value": "mat1 and mat2 shapes cannot be multiplied (448x28 and 784x100)", "step": null, "ts": 1700355566.3197246}]}, "version": 120}
{"obj": {"type": "LogStrings", "path": ["monitoring", "stderr"], "values": [{"value": "\n", "step": null, "ts": 1700355566.3197246}]}, "version": 121}
{"obj": {"type": "LogStrings", "path": ["monitoring", "stdout"], "values": [{"value": "Shutting down background jobs, please wait a moment...\n", "step": null, "ts": 1700355566.3197246}]}, "version": 122}
