{"obj": {"type": "AssignString", "path": ["sys", "name"], "value": "Untitled"}, "version": 1}
{"obj": {"type": "AssignString", "path": ["sys", "description"], "value": ""}, "version": 2}
{"obj": {"type": "AssignString", "path": ["sys", "hostname"], "value": "Mario"}, "version": 3}
{"obj": {"type": "AddStrings", "path": ["sys", "tags"], "values": ["non-mandatory"]}, "version": 4}
{"obj": {"type": "AssignBool", "path": ["sys", "failed"], "value": false}, "version": 5}
{"obj": {"type": "ClearStringLog", "path": ["monitoring", "stdout"]}, "version": 6}
{"obj": {"type": "ClearStringLog", "path": ["monitoring", "stderr"]}, "version": 7}
{"obj": {"type": "AssignString", "path": ["source_code", "entrypoint"], "value": "test.py"}, "version": 8}
{"obj": {"type": "UploadFileSet", "path": ["source_code", "files"], "file_globs": ["C:\\Users\\mario\\Github\\UPC\\CI-MAI\\src\\test.py"], "reset": "False"}, "version": 9}
{"obj": {"type": "ConfigFloatSeries", "path": ["monitoring", "cpu"], "min": 0.0, "max": 100.0, "unit": "%"}, "version": 10}
{"obj": {"type": "ClearFloatLog", "path": ["monitoring", "cpu"]}, "version": 11}
{"obj": {"type": "ConfigFloatSeries", "path": ["monitoring", "memory"], "min": 0.0, "max": 15.788383483886719, "unit": "GB"}, "version": 12}
{"obj": {"type": "ClearFloatLog", "path": ["monitoring", "memory"]}, "version": 13}
{"obj": {"type": "ConfigFloatSeries", "path": ["monitoring", "gpu"], "min": 0.0, "max": 100.0, "unit": "%"}, "version": 14}
{"obj": {"type": "ClearFloatLog", "path": ["monitoring", "gpu"]}, "version": 15}
{"obj": {"type": "ConfigFloatSeries", "path": ["monitoring", "gpu_memory"], "min": 0.0, "max": 8.0, "unit": "GB"}, "version": 16}
{"obj": {"type": "ClearFloatLog", "path": ["monitoring", "gpu_memory"]}, "version": 17}
{"obj": {"type": "AssignString", "path": ["parameters", "Experiment"], "value": "CNN"}, "version": 18}
{"obj": {"type": "AssignString", "path": ["parameters", "DataSplit"], "value": "0.8-0.1-0.1"}, "version": 19}
{"obj": {"type": "AssignString", "path": ["parameters", "MLP"], "value": "8192-100-101"}, "version": 20}
{"obj": {"type": "AssignString", "path": ["parameters", "CNN"], "value": "1-32-64-32"}, "version": 21}
{"obj": {"type": "AssignString", "path": ["parameters", "Kernels"], "value": "3-3-3-3"}, "version": 22}
{"obj": {"type": "AssignString", "path": ["parameters", "HiddenAct"], "value": "relu"}, "version": 23}
{"obj": {"type": "AssignString", "path": ["parameters", "OutputAct"], "value": "softmax"}, "version": 24}
{"obj": {"type": "AssignString", "path": ["parameters", "PoolingL"], "value": "1"}, "version": 25}
{"obj": {"type": "AssignInt", "path": ["parameters", "Padding"], "value": 0}, "version": 26}
{"obj": {"type": "AssignInt", "path": ["parameters", "Stride"], "value": 1}, "version": 27}
{"obj": {"type": "AssignInt", "path": ["parameters", "Epochs"], "value": 50}, "version": 28}
{"obj": {"type": "AssignString", "path": ["parameters", "LossFunc"], "value": "cce"}, "version": 29}
{"obj": {"type": "AssignString", "path": ["parameters", "Optimizer"], "value": "Adam"}, "version": 30}
{"obj": {"type": "AssignFloat", "path": ["parameters", "Momentum"], "value": 0.9}, "version": 31}
{"obj": {"type": "AssignFloat", "path": ["parameters", "LearningRate"], "value": 9e-05}, "version": 32}
{"obj": {"type": "AssignInt", "path": ["parameters", "Tolerance"], "value": 10}, "version": 33}
{"obj": {"type": "AssignString", "path": ["parameters", "Device"], "value": "cuda"}, "version": 34}
{"obj": {"type": "LogStrings", "path": ["monitoring", "stderr"], "values": [{"value": "C:\\Users\\mario\\anaconda3\\envs\\CI\\lib\\site-packages\\neptune\\new\\handler.py:168: NeptuneDeprecationWarning: The object you're logging will be implicitly cast to a string. We'll end support of this behavior in `neptune-client==1.0.0`. To log the object as a string, use `str(object)` instead.\n  self._container.define(self._path, value, wait)\n", "step": null, "ts": 1700415750.4229562}]}, "version": 35}
{"obj": {"type": "AssignString", "path": ["parameters", "Tags"], "value": "['non-mandatory']"}, "version": 36}
{"obj": {"type": "LogFloats", "path": ["monitoring", "cpu"], "values": [{"value": 11.6, "step": null, "ts": 1700415750.4148557}]}, "version": 37}
{"obj": {"type": "LogFloats", "path": ["monitoring", "memory"], "values": [{"value": 11.495613098144531, "step": null, "ts": 1700415750.4148557}]}, "version": 38}
{"obj": {"type": "LogFloats", "path": ["monitoring", "gpu_memory"], "values": [{"value": 0.14453125, "step": null, "ts": 1700415750.4148557}]}, "version": 39}
{"obj": {"type": "LogStrings", "path": ["monitoring", "traceback"], "values": [{"value": "An uncaught exception occurred while run was active on worker Mario.", "step": null, "ts": 1700415756.2299736}, {"value": "Marking run as failed", "step": null, "ts": 1700415756.2299736}, {"value": "Traceback:", "step": null, "ts": 1700415756.2299736}, {"value": "  File \"C:\\Users\\mario\\Github\\UPC\\CI-MAI\\src\\test.py\", line 70, in <module>\n    model = CNN(mL(args.CNN, int), mL(args.Kernels, int), mL(args.MLP, int), args.Padding, args.Stride, args.HiddenAct, args.OutputAct, args.PoolingL) if args.Experiment == 'CNN' else MLP(mL(args.MLP, int), args.HiddenAct, args.OutputAct)\n", "step": null, "ts": 1700415756.2299736}, {"value": "  File \"C:\\Users\\mario\\Github\\UPC\\CI-MAI\\src\\architectures\\cnn.py\", line 39, in __init__\n    for layer in [nn.Conv2d, self.settings[self.hidden_activation], self.settings[self.pool_layer]]:\n", "step": null, "ts": 1700415756.2299736}, {"value": "'1'", "step": null, "ts": 1700415756.2299736}]}, "version": 40}
{"obj": {"type": "AssignBool", "path": ["sys", "failed"], "value": true}, "version": 41}
{"obj": {"type": "LogStrings", "path": ["monitoring", "stderr"], "values": [{"value": "Traceback (most recent call last):\n", "step": null, "ts": 1700415756.2299736}]}, "version": 42}
{"obj": {"type": "LogStrings", "path": ["monitoring", "stderr"], "values": [{"value": "  File \"C:\\Users\\mario\\Github\\UPC\\CI-MAI\\src\\test.py\", line 70, in <module>\n", "step": null, "ts": 1700415756.2299736}]}, "version": 43}
{"obj": {"type": "LogStrings", "path": ["monitoring", "stderr"], "values": [{"value": "    ", "step": null, "ts": 1700415756.2340991}]}, "version": 44}
{"obj": {"type": "LogStrings", "path": ["monitoring", "stderr"], "values": [{"value": "model = CNN(mL(args.CNN, int), mL(args.Kernels, int), mL(args.MLP, int), args.Padding, args.Stride, args.HiddenAct, args.OutputAct, args.PoolingL) if args.Experiment == 'CNN' else MLP(mL(args.MLP, int), args.HiddenAct, args.OutputAct)", "step": null, "ts": 1700415756.2340991}]}, "version": 45}
{"obj": {"type": "LogStrings", "path": ["monitoring", "stderr"], "values": [{"value": "\n", "step": null, "ts": 1700415756.2340991}]}, "version": 46}
{"obj": {"type": "LogStrings", "path": ["monitoring", "stderr"], "values": [{"value": "  File \"C:\\Users\\mario\\Github\\UPC\\CI-MAI\\src\\architectures\\cnn.py\", line 39, in __init__\n", "step": null, "ts": 1700415756.2340991}]}, "version": 47}
{"obj": {"type": "LogStrings", "path": ["monitoring", "stderr"], "values": [{"value": "    ", "step": null, "ts": 1700415756.2340991}]}, "version": 48}
{"obj": {"type": "LogStrings", "path": ["monitoring", "stderr"], "values": [{"value": "for layer in [nn.Conv2d, self.settings[self.hidden_activation], self.settings[self.pool_layer]]:", "step": null, "ts": 1700415756.2340991}]}, "version": 49}
{"obj": {"type": "LogStrings", "path": ["monitoring", "stderr"], "values": [{"value": "\n", "step": null, "ts": 1700415756.2340991}]}, "version": 50}
{"obj": {"type": "LogStrings", "path": ["monitoring", "stderr"], "values": [{"value": "KeyError", "step": null, "ts": 1700415756.2340991}]}, "version": 51}
{"obj": {"type": "LogStrings", "path": ["monitoring", "stderr"], "values": [{"value": ": ", "step": null, "ts": 1700415756.2340991}]}, "version": 52}
{"obj": {"type": "LogStrings", "path": ["monitoring", "stderr"], "values": [{"value": "'1'", "step": null, "ts": 1700415756.2340991}]}, "version": 53}
{"obj": {"type": "LogStrings", "path": ["monitoring", "stderr"], "values": [{"value": "\n", "step": null, "ts": 1700415756.2340991}]}, "version": 54}
{"obj": {"type": "LogStrings", "path": ["monitoring", "stdout"], "values": [{"value": "Shutting down background jobs, please wait a moment...\n", "step": null, "ts": 1700415756.2340991}]}, "version": 55}
